Initial guess from minao.
(552, 552)
(552, 552)
 Number of electrons found 240.00000000
 Number of electrons found 240.00000000
    0 =   1.99999999 DOcc
    1 =   1.99999999 DOcc
    2 =   1.99999999 DOcc
    3 =   1.99999999 DOcc
    4 =   1.99999999 DOcc
    5 =   1.99999999 DOcc
    6 =   1.99999999 DOcc
    7 =   1.99999999 DOcc
    8 =   1.99999999 DOcc
    9 =   1.99999999 DOcc
   10 =   1.99999999 DOcc
   11 =   1.99999999 DOcc
   12 =   1.99999999 DOcc
   13 =   1.99999999 DOcc
   14 =   1.99999999 DOcc
   15 =   1.99999999 DOcc
   16 =   1.99999999 DOcc
   17 =   1.99999999 DOcc
   18 =   1.99999999 DOcc
   19 =   1.99999999 DOcc
   20 =   1.99999999 DOcc
   21 =   1.99999999 DOcc
   22 =   1.99999998 DOcc
   23 =   1.99999998 DOcc
   24 =   1.99999998 DOcc
   25 =   1.99999998 DOcc
   26 =   1.99999998 DOcc
   27 =   1.99999998 DOcc
   28 =   1.99999996 DOcc
   29 =   1.99999996 DOcc
   30 =   1.99999996 DOcc
   31 =   1.99999996 DOcc
   32 =   1.99999996 DOcc
   33 =   1.99999996 DOcc
   34 =   1.99999995 DOcc
   35 =   1.99999995 DOcc
   36 =   1.99998370 DOcc
   37 =   1.99998366 DOcc
   38 =   1.99998308 DOcc
   39 =   1.99998304 DOcc
   40 =   1.99997908 DOcc
   41 =   1.99997906 DOcc
   42 =   1.99997841 DOcc
   43 =   1.99997839 DOcc
   44 =   1.99997676 DOcc
   45 =   1.99997668 DOcc
   46 =   1.99997508 DOcc
   47 =   1.99997495 DOcc
   48 =   1.99997489 DOcc
   49 =   1.99997483 DOcc
   50 =   1.99997458 DOcc
   51 =   1.99997443 DOcc
   52 =   1.99997328 DOcc
   53 =   1.99997319 DOcc
   54 =   1.99997015 DOcc
   55 =   1.99996998 DOcc
   56 =   1.99996890 DOcc
   57 =   1.99996886 DOcc
   58 =   1.99996877 DOcc
   59 =   1.99996852 DOcc
   60 =   1.99996606 DOcc
   61 =   1.99996538 DOcc
   62 =   1.99995823 DOcc
   63 =   1.99995812 DOcc
   64 =   1.99995797 DOcc
   65 =   1.99995773 DOcc
   66 =   1.99995180 DOcc
   67 =   1.99995169 DOcc
   68 =   1.99994977 DOcc
   69 =   1.99994969 DOcc
   70 =   1.99993347 DOcc
   71 =   1.99993252 DOcc
   72 =   1.99991953 DOcc
   73 =   1.99991926 DOcc
   74 =   1.99991864 DOcc
   75 =   1.99991818 DOcc
   76 =   1.99991712 DOcc
   77 =   1.99991654 DOcc
   78 =   1.99991499 DOcc
   79 =   1.99991114 DOcc
   80 =   1.99989744 DOcc
   81 =   1.99989736 DOcc
   82 =   1.99988562 DOcc
   83 =   1.99988094 DOcc
   84 =   1.99987964 DOcc
   85 =   1.99987754 DOcc
   86 =   1.99987366 DOcc
   87 =   1.99987056 DOcc
   88 =   1.99986805 DOcc
   89 =   1.99984167 DOcc
   90 =   1.99981680 DOcc
   91 =   1.99981659 DOcc
   92 =   1.99978492 DOcc
   93 =   1.99978434 DOcc
   94 =   1.99968524 DOcc
   95 =   1.99968508 DOcc
   96 =   1.99964807 DOcc
   97 =   1.99964803 DOcc
   98 =   1.99962864 DOcc
   99 =   1.99962644 DOcc
  100 =   1.99943855 DOcc
  101 =   1.99943816 DOcc
  102 =   1.99910661 DOcc
  103 =   1.99909456 DOcc
  104 =   1.99894634 DOcc
  105 =   1.99893566 DOcc
  106 =   1.99782479 DOcc
  107 =   1.99781008 DOcc
  108 =   1.99552199 DOcc
  109 =   1.99537297 DOcc
  110 =   1.99447050 DOcc
  111 =   1.99445635 DOcc
  112 =   1.99386765 DOcc
  113 =   1.99368909 DOcc
  114 =   1.98342687 Active
  115 =   1.98331788 Active
  116 =   1.98026160 Active
  117 =   1.97986518 Active
  118 =   1.66473634 Active
  119 =   1.65634281 Active
  120 =   0.35470546 Active
  121 =   0.32369139 Active
  122 =   0.01986849 Active
  123 =   0.01975496 Active
  124 =   0.01666494 Active
  125 =   0.01664332 Active
  126 =   0.00641013 Virt
  127 =   0.00629419 Virt
  128 =   0.00557441 Virt
  129 =   0.00547335 Virt
  130 =   0.00468513 Virt
  131 =   0.00450826 Virt
  132 =   0.00211205 Virt
  133 =   0.00209116 Virt
  134 =   0.00104439 Virt
  135 =   0.00104245 Virt
  136 =   0.00089314 Virt
  137 =   0.00088586 Virt
  138 =   0.00056017 Virt
  139 =   0.00055999 Virt
  140 =   0.00037590 Virt
  141 =   0.00037454 Virt
  142 =   0.00034987 Virt
  143 =   0.00034832 Virt
  144 =   0.00031170 Virt
  145 =   0.00031128 Virt
  146 =   0.00022051 Virt
  147 =   0.00021949 Virt
  148 =   0.00018317 Virt
  149 =   0.00018248 Virt
  150 =   0.00015586 Virt
  151 =   0.00013459 Virt
  152 =   0.00012927 Virt
  153 =   0.00012570 Virt
  154 =   0.00011833 Virt
  155 =   0.00011651 Virt
  156 =   0.00011371 Virt
  157 =   0.00011161 Virt
  158 =   0.00010618 Virt
  159 =   0.00010266 Virt
  160 =   0.00009801 Virt
  161 =   0.00009744 Virt
  162 =   0.00009319 Virt
  163 =   0.00008986 Virt
  164 =   0.00008156 Virt
  165 =   0.00008124 Virt
  166 =   0.00007267 Virt
  167 =   0.00007195 Virt
  168 =   0.00007041 Virt
  169 =   0.00007040 Virt
  170 =   0.00006854 Virt
  171 =   0.00006843 Virt
  172 =   0.00005151 Virt
  173 =   0.00005088 Virt
  174 =   0.00004779 Virt
  175 =   0.00004760 Virt
  176 =   0.00004397 Virt
  177 =   0.00004365 Virt
  178 =   0.00004250 Virt
  179 =   0.00004232 Virt
  180 =   0.00003907 Virt
  181 =   0.00003848 Virt
  182 =   0.00003745 Virt
  183 =   0.00003709 Virt
  184 =   0.00003254 Virt
  185 =   0.00003236 Virt
  186 =   0.00003048 Virt
  187 =   0.00003011 Virt
  188 =   0.00002994 Virt
  189 =   0.00002968 Virt
  190 =   0.00002867 Virt
  191 =   0.00002843 Virt
  192 =   0.00002314 Virt
  193 =   0.00002303 Virt
  194 =   0.00002236 Virt
  195 =   0.00002142 Virt
  196 =   0.00002003 Virt
  197 =   0.00001968 Virt
  198 =   0.00001963 Virt
  199 =   0.00001864 Virt
  200 =   0.00001840 Virt
  201 =   0.00001819 Virt
  202 =   0.00001805 Virt
  203 =   0.00001785 Virt
  204 =   0.00001760 Virt
  205 =   0.00001748 Virt
  206 =   0.00001647 Virt
  207 =   0.00001624 Virt
  208 =   0.00001568 Virt
  209 =   0.00001546 Virt
  210 =   0.00001500 Virt
  211 =   0.00001495 Virt
  212 =   0.00001422 Virt
  213 =   0.00001387 Virt
  214 =   0.00001328 Virt
  215 =   0.00001323 Virt
  216 =   0.00001270 Virt
  217 =   0.00001263 Virt
  218 =   0.00001234 Virt
  219 =   0.00001202 Virt
  220 =   0.00001086 Virt
  221 =   0.00001047 Virt
  222 =   0.00001028 Virt
  223 =   0.00000999 Virt
  224 =   0.00000955 Virt
  225 =   0.00000894 Virt
  226 =   0.00000817 Virt
  227 =   0.00000783 Virt
  228 =   0.00000781 Virt
  229 =   0.00000777 Virt
  230 =   0.00000708 Virt
  231 =   0.00000703 Virt
  232 =   0.00000647 Virt
  233 =   0.00000623 Virt
  234 =   0.00000568 Virt
  235 =   0.00000546 Virt
  236 =   0.00000518 Virt
  237 =   0.00000515 Virt
  238 =   0.00000505 Virt
  239 =   0.00000501 Virt
  240 =   0.00000485 Virt
  241 =   0.00000483 Virt
  242 =   0.00000394 Virt
  243 =   0.00000378 Virt
  244 =   0.00000352 Virt
  245 =   0.00000344 Virt
  246 =   0.00000306 Virt
  247 =   0.00000293 Virt
  248 =   0.00000280 Virt
  249 =   0.00000280 Virt
  250 =   0.00000277 Virt
  251 =   0.00000267 Virt
  252 =   0.00000265 Virt
  253 =   0.00000249 Virt
  254 =   0.00000240 Virt
  255 =   0.00000220 Virt
  256 =   0.00000209 Virt
  257 =   0.00000202 Virt
  258 =   0.00000199 Virt
  259 =   0.00000191 Virt
  260 =   0.00000182 Virt
  261 =   0.00000181 Virt
  262 =   0.00000173 Virt
  263 =   0.00000163 Virt
  264 =   0.00000138 Virt
  265 =   0.00000129 Virt
  266 =   0.00000121 Virt
  267 =   0.00000118 Virt
  268 =   0.00000112 Virt
  269 =   0.00000111 Virt
  270 =   0.00000110 Virt
  271 =   0.00000107 Virt
  272 =   0.00000100 Virt
  273 =   0.00000095 Virt
  274 =   0.00000078 Virt
  275 =   0.00000070 Virt
  276 =   0.00000069 Virt
  277 =   0.00000064 Virt
  278 =   0.00000063 Virt
  279 =   0.00000061 Virt
  280 =   0.00000060 Virt
  281 =   0.00000057 Virt
  282 =   0.00000054 Virt
  283 =   0.00000047 Virt
  284 =   0.00000044 Virt
  285 =   0.00000044 Virt
  286 =   0.00000041 Virt
  287 =   0.00000038 Virt
  288 =   0.00000034 Virt
  289 =   0.00000034 Virt
  290 =   0.00000033 Virt
  291 =   0.00000031 Virt
  292 =   0.00000030 Virt
  293 =   0.00000028 Virt
  294 =   0.00000027 Virt
  295 =   0.00000026 Virt
  296 =   0.00000024 Virt
  297 =   0.00000024 Virt
  298 =   0.00000022 Virt
  299 =   0.00000021 Virt
  300 =   0.00000020 Virt
  301 =   0.00000019 Virt
  302 =   0.00000018 Virt
  303 =   0.00000018 Virt
  304 =   0.00000017 Virt
  305 =   0.00000016 Virt
  306 =   0.00000016 Virt
  307 =   0.00000015 Virt
  308 =   0.00000014 Virt
  309 =   0.00000014 Virt
  310 =   0.00000013 Virt
  311 =   0.00000013 Virt
  312 =   0.00000012 Virt
  313 =   0.00000012 Virt
  314 =   0.00000012 Virt
  315 =   0.00000012 Virt
  316 =   0.00000011 Virt
  317 =   0.00000011 Virt
  318 =   0.00000010 Virt
  319 =   0.00000010 Virt
  320 =   0.00000010 Virt
  321 =   0.00000009 Virt
  322 =   0.00000009 Virt
  323 =   0.00000009 Virt
  324 =   0.00000007 Virt
  325 =   0.00000007 Virt
  326 =   0.00000007 Virt
  327 =   0.00000007 Virt
  328 =   0.00000006 Virt
  329 =   0.00000006 Virt
  330 =   0.00000006 Virt
  331 =   0.00000006 Virt
  332 =   0.00000005 Virt
  333 =   0.00000005 Virt
  334 =   0.00000005 Virt
  335 =   0.00000004 Virt
  336 =   0.00000004 Virt
  337 =   0.00000004 Virt
  338 =   0.00000004 Virt
  339 =   0.00000003 Virt
  340 =   0.00000003 Virt
  341 =   0.00000003 Virt
  342 =   0.00000002 Virt
  343 =   0.00000002 Virt
  344 =   0.00000002 Virt
  345 =   0.00000002 Virt
  346 =   0.00000002 Virt
  347 =   0.00000002 Virt
  348 =   0.00000001 Virt
  349 =   0.00000001 Virt
  350 =   0.00000001 Virt
  351 =   0.00000001 Virt
  352 =   0.00000001 Virt
  353 =   0.00000001 Virt
  354 =   0.00000001 Virt
  355 =   0.00000001 Virt
  356 =   0.00000001 Virt
  357 =   0.00000001 Virt
  358 =   0.00000001 Virt
  359 =   0.00000001 Virt
  360 =   0.00000001 Virt
  361 =   0.00000001 Virt
  362 =   0.00000001 Virt
  363 =   0.00000001 Virt
  364 =   0.00000001 Virt
  365 =   0.00000001 Virt
  366 =   0.00000000 Virt
  367 =   0.00000000 Virt
  368 =   0.00000000 Virt
  369 =   0.00000000 Virt
  370 =   0.00000000 Virt
  371 =   0.00000000 Virt
  372 =   0.00000000 Virt
  373 =   0.00000000 Virt
  374 =   0.00000000 Virt
  375 =   0.00000000 Virt
  376 =   0.00000000 Virt
  377 =   0.00000000 Virt
  378 =   0.00000000 Virt
  379 =   0.00000000 Virt
  380 =   0.00000000 Virt
  381 =   0.00000000 Virt
  382 =   0.00000000 Virt
  383 =   0.00000000 Virt
  384 =   0.00000000 Virt
  385 =   0.00000000 Virt
  386 =   0.00000000 Virt
  387 =   0.00000000 Virt
  388 =   0.00000000 Virt
  389 =   0.00000000 Virt
  390 =   0.00000000 Virt
  391 =   0.00000000 Virt
  392 =   0.00000000 Virt
  393 =   0.00000000 Virt
  394 =   0.00000000 Virt
  395 =   0.00000000 Virt
  396 =   0.00000000 Virt
  397 =   0.00000000 Virt
  398 =   0.00000000 Virt
  399 =   0.00000000 Virt
  400 =   0.00000000 Virt
  401 =   0.00000000 Virt
  402 =   0.00000000 Virt
  403 =   0.00000000 Virt
  404 =   0.00000000 Virt
  405 =   0.00000000 Virt
  406 =   0.00000000 Virt
  407 =   0.00000000 Virt
  408 =   0.00000000 Virt
  409 =   0.00000000 Virt
  410 =   0.00000000 Virt
  411 =   0.00000000 Virt
  412 =   0.00000000 Virt
  413 =   0.00000000 Virt
  414 =   0.00000000 Virt
  415 =   0.00000000 Virt
  416 =   0.00000000 Virt
  417 =   0.00000000 Virt
  418 =   0.00000000 Virt
  419 =   0.00000000 Virt
  420 =   0.00000000 Virt
  421 =   0.00000000 Virt
  422 =   0.00000000 Virt
  423 =   0.00000000 Virt
  424 =   0.00000000 Virt
  425 =   0.00000000 Virt
  426 =   0.00000000 Virt
  427 =   0.00000000 Virt
  428 =   0.00000000 Virt
  429 =   0.00000000 Virt
  430 =   0.00000000 Virt
  431 =   0.00000000 Virt
  432 =   0.00000000 Virt
  433 =   0.00000000 Virt
  434 =   0.00000000 Virt
  435 =   0.00000000 Virt
  436 =   0.00000000 Virt
  437 =   0.00000000 Virt
  438 =   0.00000000 Virt
  439 =   0.00000000 Virt
  440 =   0.00000000 Virt
  441 =   0.00000000 Virt
  442 =   0.00000000 Virt
  443 =   0.00000000 Virt
  444 =   0.00000000 Virt
  445 =   0.00000000 Virt
  446 =   0.00000000 Virt
  447 =   0.00000000 Virt
  448 =   0.00000000 Virt
  449 =   0.00000000 Virt
  450 =   0.00000000 Virt
  451 =   0.00000000 Virt
  452 =   0.00000000 Virt
  453 =   0.00000000 Virt
  454 =   0.00000000 Virt
  455 =   0.00000000 Virt
  456 =   0.00000000 Virt
  457 =   0.00000000 Virt
  458 =   0.00000000 Virt
  459 =   0.00000000 Virt
  460 =   0.00000000 Virt
  461 =   0.00000000 Virt
  462 =   0.00000000 Virt
  463 =   0.00000000 Virt
  464 =   0.00000000 Virt
  465 =   0.00000000 Virt
  466 =   0.00000000 Virt
  467 =   0.00000000 Virt
  468 =   0.00000000 Virt
  469 =   0.00000000 Virt
  470 =   0.00000000 Virt
  471 =   0.00000000 Virt
  472 =   0.00000000 Virt
  473 =   0.00000000 Virt
  474 =   0.00000000 Virt
  475 =   0.00000000 Virt
  476 =   0.00000000 Virt
  477 =   0.00000000 Virt
  478 =   0.00000000 Virt
  479 =   0.00000000 Virt
  480 =   0.00000000 Virt
  481 =   0.00000000 Virt
  482 =   0.00000000 Virt
  483 =   0.00000000 Virt
  484 =   0.00000000 Virt
  485 =   0.00000000 Virt
  486 =   0.00000000 Virt
  487 =   0.00000000 Virt
  488 =   0.00000000 Virt
  489 =   0.00000000 Virt
  490 =   0.00000000 Virt
  491 =   0.00000000 Virt
  492 =   0.00000000 Virt
  493 =   0.00000000 Virt
  494 =   0.00000000 Virt
  495 =   0.00000000 Virt
  496 =   0.00000000 Virt
  497 =   0.00000000 Virt
  498 =   0.00000000 Virt
  499 =   0.00000000 Virt
  500 =   0.00000000 Virt
  501 =   0.00000000 Virt
  502 =   0.00000000 Virt
  503 =   0.00000000 Virt
  504 =   0.00000000 Virt
  505 =   0.00000000 Virt
  506 =   0.00000000 Virt
  507 =   0.00000000 Virt
  508 =   0.00000000 Virt
  509 =   0.00000000 Virt
  510 =   0.00000000 Virt
  511 =   0.00000000 Virt
  512 =   0.00000000 Virt
  513 =   0.00000000 Virt
  514 =   0.00000000 Virt
  515 =   0.00000000 Virt
  516 =   0.00000000 Virt
  517 =   0.00000000 Virt
  518 =   0.00000000 Virt
  519 =   0.00000000 Virt
  520 =   0.00000000 Virt
  521 =   0.00000000 Virt
  522 =   0.00000000 Virt
  523 =   0.00000000 Virt
  524 =   0.00000000 Virt
  525 =   0.00000000 Virt
  526 =   0.00000000 Virt
  527 =   0.00000000 Virt
  528 =   0.00000000 Virt
  529 =   0.00000000 Virt
  530 =   0.00000000 Virt
  531 =   0.00000000 Virt
  532 =   0.00000000 Virt
  533 =   0.00000000 Virt
  534 =   0.00000000 Virt
  535 =   0.00000000 Virt
  536 =   0.00000000 Virt
  537 =   0.00000000 Virt
  538 =   0.00000000 Virt
  539 =   0.00000000 Virt
  540 =   0.00000000 Virt
  541 =   0.00000000 Virt
  542 =   0.00000000 Virt
  543 =   0.00000000 Virt
  544 =   0.00000000 Virt
  545 =   0.00000000 Virt
  546 =   0.00000000 Virt
  547 =   0.00000000 Virt
  548 =   0.00000000 Virt
  549 =   0.00000000 Virt
  550 =   0.00000000 Virt
  551 =   0.00000000 Virt
 Number of active orbitals:  12
 Number of doc    orbitals:  114
(552, 114)
(552, 12)
Set conv_tol_grad to 0.000316228
macro= 1  f(x)= 0.59801731478907  delta_f= 0.598017  |g|= 0.0322518  1 KF 4 Hx
macro= 2  f(x)= 1.0365671249008  delta_f= 0.43855  |g|= 0.261581  4 KF 22 Hx
macro= 3  f(x)= 2.3560840259996  delta_f= 1.31952  |g|= 0.53539  4 KF 21 Hx
macro= 4  f(x)= 3.1896743614071  delta_f= 0.83359  |g|= 0.43101  4 KF 21 Hx
macro= 5  f(x)= 3.2555163461128  delta_f= 0.065842  |g|= 0.262946  2 KF 3 Hx
macro= 6  f(x)= 3.2653802437187  delta_f= 0.0098639  |g|= 0.0951839  1 KF 3 Hx
macro= 7  f(x)= 3.2653815490682  delta_f= 1.30535e-06  |g|= 0.00104804  1 KF 3 Hx
macro= 8  f(x)= 3.2653815490682  delta_f= 3.10862e-15  |g|= 7.56935e-06  1 KF 1 Hx
macro X = 8  f(x)= 3.2653815490682  |g|= 7.56935e-06  16 intor 18 KF 78 Hx